#
# A fatal error has been detected by the Java Runtime Environment:
#
#  EXCEPTION_ACCESS_VIOLATION (0xc0000005) at pc=0x0000000072f75014, pid=3820, tid=11456
#
# JRE version: Java(TM) SE Runtime Environment (8.0_31-b13) (build 1.8.0_31-b13)
# Java VM: Java HotSpot(TM) 64-Bit Server VM (25.31-b07 mixed mode windows-amd64 compressed oops)
# Problematic frame:
# V  [jvm.dll+0x135014]
#
# Failed to write core dump. Minidumps are not enabled by default on client versions of Windows
#
# If you would like to submit a bug report, please visit:
#   http://bugreport.java.com/bugreport/crash.jsp
#

---------------  T H R E A D  ---------------

Current thread (0x0000000001fad800):  JavaThread "main" [_thread_in_vm, id=11456, stack(0x0000000001fb0000,0x00000000020b0000)]

siginfo: ExceptionCode=0xc0000005, reading address 0x0000000000000000

Registers:
RAX=0x0000000000000000, RBX=0x0000000001fad800, RCX=0x0000000000000d80, RDX=0x0000000000000000
RSP=0x00000000020af370, RBP=0x00000000020af4f0, RSI=0x0000000000000000, RDI=0x0000000000000000
R8 =0x0000000000000000, R9 =0x00000000eb4f2d90, R10=0x0000000000000000, R11=0x0000000073615360
R12=0x0000000000849678, R13=0x0000000000000000, R14=0x00000000020af4f0, R15=0x0000000001fad800
RIP=0x0000000072f75014, EFLAGS=0x0000000000010202

Top of Stack: (sp=0x00000000020af370)
0x00000000020af370:   0000000001fad800 00000000020af3e0
0x00000000020af380:   00000000142422a0 0000000001fad800
0x00000000020af390:   0000000001fad800 0000000000000000
0x00000000020af3a0:   00000000142422a8 00000000020af4f0
0x00000000020af3b0:   00000000142422a0 0000000000000000
0x00000000020af3c0:   0000000001fad9e8 000000006d58204d
0x00000000020af3d0:   00000000020af4f0 0000000000000000
0x00000000020af3e0:   00000000142422a8 0000000001fad800
0x00000000020af3f0:   00000000142422a8 0000000001fad800
0x00000000020af400:   0000000000000000 00000000021c6509
0x00000000020af410:   00000000142422a8 0000000050200021
0x00000000020af420:   0000000000000000 00000000020af4c8
0x00000000020af430:   0000000000000000 00000000021c6677
0x00000000020af440:   0000000050200021 0000000000000000
0x00000000020af450:   0000000000000000 00000000021c626b
0x00000000020af460:   0000000001fad800 00000000142422a8 

Instructions: (pc=0x0000000072f75014)
0x0000000072f74ff4:   89 5c 24 20 48 89 74 24 28 48 39 73 08 74 0a 48
0x0000000072f75004:   8d 4c 24 20 e8 33 05 13 00 40 38 35 94 f3 69 00
0x0000000072f75014:   48 8b 3f 48 63 05 da 6f 68 00 74 1b 8b 0c 38 85
0x0000000072f75024:   c9 74 77 8b c1 8b 0d 09 75 63 00 48 d3 e0 48 03 


Register to memory mapping:

RAX=0x0000000000000000 is an unknown value
RBX=0x0000000001fad800 is a thread
RCX=0x0000000000000d80 is an unknown value
RDX=0x0000000000000000 is an unknown value
RSP=0x00000000020af370 is pointing into the stack for thread: 0x0000000001fad800
RBP=0x00000000020af4f0 is pointing into the stack for thread: 0x0000000001fad800
RSI=0x0000000000000000 is an unknown value
RDI=0x0000000000000000 is an unknown value
R8 =0x0000000000000000 is an unknown value
R9 =0x00000000eb4f2d90 is an oop
org.sqlite.core.NativeDB 
 - klass: 'org/sqlite/core/NativeDB'
R10=0x0000000000000000 is an unknown value
R11=0x0000000073615360 is an unknown value
R12=0x0000000000849678 is an unknown value
R13=0x0000000000000000 is an unknown value
R14=0x00000000020af4f0 is pointing into the stack for thread: 0x0000000001fad800
R15=0x0000000001fad800 is a thread


Stack: [0x0000000001fb0000,0x00000000020b0000],  sp=0x00000000020af370,  free space=1020k
Native frames: (J=compiled Java code, j=interpreted, Vv=VM code, C=native code)
V  [jvm.dll+0x135014]
C  [sqlite-3.8.11.2-f1a2b84a-bcba-4593-8ec3-f8dcc0732e76-sqlitejdbc.dll+0x204d]
C  0x00000000021c6677

Java frames: (J=compiled Java code, j=interpreted, Vv=VM code)
j  org.sqlite.core.NativeDB.prepare(Ljava/lang/String;)J+0
j  org.sqlite.core.DB.prepare(Lorg/sqlite/core/CoreStatement;)V+21
j  org.sqlite.jdbc3.JDBC3Statement.executeQuery(Ljava/lang/String;)Ljava/sql/ResultSet;+14
j  tobi_wan.databaseOperations.DatabaseOperationsSQLite.sqlDataManipulation(Ljava/lang/String;)Ljava/sql/ResultSet;+5
j  tobi_wan.databaseOperations.DatabaseOperationsSQLite.generateTableFromQuery(Ljava/lang/String;)Ljava/lang/String;+3
j  de.tobi_wan.bandsDatabank.Query.printResultSet(Ljava/lang/String;)V+7
j  de.tobi_wan.bandsDatabank.Query.main([Ljava/lang/String;)V+12
v  ~StubRoutines::call_stub

---------------  P R O C E S S  ---------------

Java Threads: ( => current thread )
  0x000000001605d000 JavaThread "Service Thread" daemon [_thread_blocked, id=7348, stack(0x0000000016420000,0x0000000016520000)]
  0x00000000147df800 JavaThread "C1 CompilerThread2" daemon [_thread_blocked, id=10016, stack(0x0000000015f20000,0x0000000016020000)]
  0x00000000147d3800 JavaThread "C2 CompilerThread1" daemon [_thread_blocked, id=12232, stack(0x0000000015e20000,0x0000000015f20000)]
  0x00000000147cf800 JavaThread "C2 CompilerThread0" daemon [_thread_blocked, id=11128, stack(0x0000000015d20000,0x0000000015e20000)]
  0x00000000147cc000 JavaThread "Attach Listener" daemon [_thread_blocked, id=11916, stack(0x0000000015c20000,0x0000000015d20000)]
  0x00000000147ca800 JavaThread "Signal Dispatcher" daemon [_thread_blocked, id=11224, stack(0x0000000015b20000,0x0000000015c20000)]
  0x00000000021a4000 JavaThread "Finalizer" daemon [_thread_blocked, id=7988, stack(0x0000000015a20000,0x0000000015b20000)]
  0x000000000219b000 JavaThread "Reference Handler" daemon [_thread_blocked, id=5824, stack(0x0000000015920000,0x0000000015a20000)]
=>0x0000000001fad800 JavaThread "main" [_thread_in_vm, id=11456, stack(0x0000000001fb0000,0x00000000020b0000)]

Other Threads:
  0x0000000014797000 VMThread [stack: 0x0000000015820000,0x0000000015920000] [id=11388]
  0x000000001605f800 WatcherThread [stack: 0x0000000016520000,0x0000000016620000] [id=9084]

VM state:synchronizing (normal execution)

VM Mutex/Monitor currently owned by a thread:  ([mutex/lock_event])
[0x0000000001facb30] Threads_lock - owner thread: 0x0000000014797000

Heap:
 PSYoungGen      total 18944K, used 4627K [0x00000000eb100000, 0x00000000ec600000, 0x0000000100000000)
  eden space 16384K, 28% used [0x00000000eb100000,0x00000000eb584e20,0x00000000ec100000)
  from space 2560K, 0% used [0x00000000ec380000,0x00000000ec380000,0x00000000ec600000)
  to   space 2560K, 0% used [0x00000000ec100000,0x00000000ec100000,0x00000000ec380000)
 ParOldGen       total 44032K, used 0K [0x00000000c1200000, 0x00000000c3d00000, 0x00000000eb100000)
  object space 44032K, 0% used [0x00000000c1200000,0x00000000c1200000,0x00000000c3d00000)
 Metaspace       used 5035K, capacity 5164K, committed 5248K, reserved 1056768K
  class space    used 578K, capacity 596K, committed 640K, reserved 1048576K

Card table byte_map: [0x0000000011570000,0x0000000011770000] byte_map_base: 0x0000000010f67000

Marking Bits: (ParMarkBitMap*) 0x000000007361d4f0
 Begin Bits: [0x0000000011cc0000, 0x0000000012c78000)
 End Bits:   [0x0000000012c78000, 0x0000000013c30000)

Polling page: 0x0000000000520000

CodeCache: size=245760Kb used=1580Kb max_used=1592Kb free=244179Kb
 bounds [0x00000000021b0000, 0x0000000002420000, 0x00000000111b0000]
 total_blobs=526 nmethods=238 adapters=202
 compilation: enabled

Compilation events (10 events):
Event: 0.760 Thread 0x00000000147df800 nmethod 234 0x00000000023357d0 code [0x0000000002335940, 0x0000000002335c68]
Event: 0.761 Thread 0x00000000147df800  235       3       java.nio.DirectLongBufferU::get (16 bytes)
Event: 0.761 Thread 0x00000000147df800 nmethod 235 0x00000000023352d0 code [0x0000000002335440, 0x00000000023356b0]
Event: 0.761 Thread 0x00000000147df800  236       3       java.nio.DirectLongBufferU::put (18 bytes)
Event: 0.761 Thread 0x00000000147df800 nmethod 236 0x0000000002334dd0 code [0x0000000002334f40, 0x00000000023351b0]
Event: 0.764 Thread 0x00000000147df800  237       1       java.util.zip.ZStreamRef::address (5 bytes)
Event: 0.765 Thread 0x00000000147df800 nmethod 237 0x0000000002334b10 code [0x0000000002334c60, 0x0000000002334d70]
Event: 0.769 Thread 0x00000000147df800  238       1       sun.misc.URLClassPath$JarLoader::access$500 (5 bytes)
Event: 0.770 Thread 0x00000000147df800 nmethod 238 0x0000000002334850 code [0x00000000023349a0, 0x0000000002334a90]
Event: 0.782 Thread 0x00000000147d3800 nmethod 232 0x0000000002333c90 code [0x0000000002333de0, 0x0000000002334218]

GC Heap History (0 events):
No events

Deoptimization events (0 events):
No events

Internal exceptions (10 events):
Event: 0.329 Thread 0x0000000001fad800 Exception <a 'java/security/PrivilegedActionException'> (0x00000000eb3dc950) thrown at [C:\workspace\8-2-build-windows-amd64-cygwin\jdk8u31\2394\hotspot\src\share\vm\prims\jvm.cpp, line 1312]
Event: 0.747 Thread 0x0000000001fad800 Exception <a 'java/security/PrivilegedActionException'> (0x00000000eb4e6460) thrown at [C:\workspace\8-2-build-windows-amd64-cygwin\jdk8u31\2394\hotspot\src\share\vm\prims\jvm.cpp, line 1312]
Event: 0.749 Thread 0x0000000001fad800 Exception <a 'java/security/PrivilegedActionException'> (0x00000000eb4ec5b8) thrown at [C:\workspace\8-2-build-windows-amd64-cygwin\jdk8u31\2394\hotspot\src\share\vm\prims\jvm.cpp, line 1312]
Event: 0.750 Thread 0x0000000001fad800 Exception <a 'java/security/PrivilegedActionException'> (0x00000000eb4efdd8) thrown at [C:\workspace\8-2-build-windows-amd64-cygwin\jdk8u31\2394\hotspot\src\share\vm\prims\jvm.cpp, line 1312]
Event: 0.754 Thread 0x0000000001fad800 Exception <a 'java/security/PrivilegedActionException'> (0x00000000eb4f3e30) thrown at [C:\workspace\8-2-build-windows-amd64-cygwin\jdk8u31\2394\hotspot\src\share\vm\prims\jvm.cpp, line 1312]
Event: 0.755 Thread 0x0000000001fad800 Exception <a 'java/security/PrivilegedActionException'> (0x00000000eb4f8018) thrown at [C:\workspace\8-2-build-windows-amd64-cygwin\jdk8u31\2394\hotspot\src\share\vm\prims\jvm.cpp, line 1312]
Event: 0.758 Thread 0x0000000001fad800 Exception <a 'java/security/PrivilegedActionException'> (0x00000000eb5023d0) thrown at [C:\workspace\8-2-build-windows-amd64-cygwin\jdk8u31\2394\hotspot\src\share\vm\prims\jvm.cpp, line 1312]
Event: 0.761 Thread 0x0000000001fad800 Exception <a 'java/security/PrivilegedActionException'> (0x00000000eb507098) thrown at [C:\workspace\8-2-build-windows-amd64-cygwin\jdk8u31\2394\hotspot\src\share\vm\prims\jvm.cpp, line 1312]
Event: 0.763 Thread 0x0000000001fad800 Exception <a 'java/security/PrivilegedActionException'> (0x00000000eb50ca48) thrown at [C:\workspace\8-2-build-windows-amd64-cygwin\jdk8u31\2394\hotspot\src\share\vm\prims\jvm.cpp, line 1312]
Event: 0.768 Thread 0x0000000001fad800 Exception <a 'java/security/PrivilegedActionException'> (0x00000000eb51eab8) thrown at [C:\workspace\8-2-build-windows-amd64-cygwin\jdk8u31\2394\hotspot\src\share\vm\prims\jvm.cpp, line 1312]

Events (10 events):
Event: 0.777 loading class java/io/StringReader
Event: 0.777 loading class java/io/StringReader done
Event: 0.779 loading class java/util/regex/Pattern$Dot
Event: 0.780 loading class java/util/regex/Pattern$Dot done
Event: 0.780 loading class java/util/regex/Pattern$BnM
Event: 0.780 loading class java/util/regex/Pattern$BnM done
Event: 0.780 loading class java/util/regex/Pattern$SliceS
Event: 0.780 loading class java/util/regex/Pattern$SliceS done
Event: 0.780 loading class java/util/Hashtable$KeySet
Event: 0.780 loading class java/util/Hashtable$KeySet done


Dynamic libraries:
0x00007ff6d00b0000 - 0x00007ff6d00e4000 	C:\Program Files\Java\jre1.8.0_31\bin\javaw.exe
0x00007fffd6380000 - 0x00007fffd652d000 	C:\WINDOWS\SYSTEM32\ntdll.dll
0x00007fffd4380000 - 0x00007fffd44be000 	C:\WINDOWS\system32\KERNEL32.DLL
0x00007fffd3810000 - 0x00007fffd3925000 	C:\WINDOWS\system32\KERNELBASE.dll
0x00007fffd2080000 - 0x00007fffd210e000 	C:\WINDOWS\system32\apphelp.dll
0x00007fffc7650000 - 0x00007fffc76a3000 	C:\WINDOWS\AppPatch\AppPatch64\AcGenral.DLL
0x00007fffd3f10000 - 0x00007fffd3fba000 	C:\WINDOWS\system32\msvcrt.dll
0x00007fffd39e0000 - 0x00007fffd3a0e000 	C:\WINDOWS\system32\SspiCli.dll
0x00007fffd3d50000 - 0x00007fffd3da4000 	C:\WINDOWS\system32\SHLWAPI.dll
0x00007fffd4200000 - 0x00007fffd4377000 	C:\WINDOWS\system32\USER32.dll
0x00007fffd3bb0000 - 0x00007fffd3d44000 	C:\WINDOWS\system32\ole32.dll
0x00007fffd4b70000 - 0x00007fffd609a000 	C:\WINDOWS\system32\SHELL32.dll
0x00007fffd2a40000 - 0x00007fffd2a61000 	C:\WINDOWS\SYSTEM32\USERENV.dll
0x00007fffd60a0000 - 0x00007fffd614a000 	C:\WINDOWS\system32\ADVAPI32.dll
0x00007fffca620000 - 0x00007fffca63e000 	C:\WINDOWS\SYSTEM32\MPR.dll
0x00007fffd3a10000 - 0x00007fffd3b50000 	C:\WINDOWS\system32\RPCRT4.dll
0x00007fffd3b50000 - 0x00007fffd3ba9000 	C:\WINDOWS\SYSTEM32\sechost.dll
0x00007fffd6150000 - 0x00007fffd6361000 	C:\WINDOWS\SYSTEM32\combase.dll
0x00007fffd47a0000 - 0x00007fffd48ef000 	C:\WINDOWS\system32\GDI32.dll
0x00007fffd34b0000 - 0x00007fffd34c5000 	C:\WINDOWS\SYSTEM32\profapi.dll
0x00007fffd1b50000 - 0x00007fffd1c02000 	C:\WINDOWS\SYSTEM32\SHCORE.dll
0x00007fffd41c0000 - 0x00007fffd41f6000 	C:\WINDOWS\system32\IMM32.DLL
0x00007fffd3db0000 - 0x00007fffd3f02000 	C:\WINDOWS\system32\MSCTF.dll
0x00007fffd13a0000 - 0x00007fffd161b000 	C:\WINDOWS\WinSxS\amd64_microsoft.windows.common-controls_6595b64144ccf1df_6.0.9600.18006_none_623f33d3ecbe86e8\COMCTL32.dll
0x0000000072b40000 - 0x0000000072c12000 	C:\Program Files\Java\jre1.8.0_31\bin\msvcr100.dll
0x0000000072e40000 - 0x000000007369a000 	C:\Program Files\Java\jre1.8.0_31\bin\server\jvm.dll
0x00007fffc1fd0000 - 0x00007fffc1fd9000 	C:\WINDOWS\SYSTEM32\WSOCK32.dll
0x00007fffcf7a0000 - 0x00007fffcf7c2000 	C:\WINDOWS\SYSTEM32\WINMM.dll
0x00007fffd41b0000 - 0x00007fffd41b7000 	C:\WINDOWS\system32\PSAPI.DLL
0x00007fffd44e0000 - 0x00007fffd453a000 	C:\WINDOWS\system32\WS2_32.dll
0x00007fffcd1e0000 - 0x00007fffcd20a000 	C:\WINDOWS\SYSTEM32\WINMMBASE.dll
0x00007fffd3fc0000 - 0x00007fffd3fc9000 	C:\WINDOWS\system32\NSI.dll
0x00007fffd3990000 - 0x00007fffd39df000 	C:\WINDOWS\SYSTEM32\cfgmgr32.dll
0x00007fffd22e0000 - 0x00007fffd2308000 	C:\WINDOWS\SYSTEM32\DEVOBJ.dll
0x0000000072d50000 - 0x0000000072d5f000 	C:\Program Files\Java\jre1.8.0_31\bin\verify.dll
0x0000000072d20000 - 0x0000000072d48000 	C:\Program Files\Java\jre1.8.0_31\bin\java.dll
0x0000000072d00000 - 0x0000000072d16000 	C:\Program Files\Java\jre1.8.0_31\bin\zip.dll
0x00007fffd2d10000 - 0x00007fffd2d30000 	C:\WINDOWS\SYSTEM32\CRYPTSP.dll
0x00007fffd2930000 - 0x00007fffd2966000 	C:\WINDOWS\system32\rsaenh.dll
0x00007fffd3000000 - 0x00007fffd3026000 	C:\WINDOWS\SYSTEM32\bcrypt.dll
0x00007fffd3310000 - 0x00007fffd3373000 	C:\WINDOWS\system32\bcryptprimitives.dll
0x00007fffd3380000 - 0x00007fffd338b000 	C:\WINDOWS\SYSTEM32\CRYPTBASE.dll
0x0000000072ce0000 - 0x0000000072cfa000 	C:\Program Files\Java\jre1.8.0_31\bin\net.dll
0x00007fffd2cb0000 - 0x00007fffd2d09000 	C:\WINDOWS\system32\mswsock.dll
0x00007fffcd060000 - 0x00007fffcd08a000 	C:\WINDOWS\SYSTEM32\IPHLPAPI.DLL
0x00007fffcd040000 - 0x00007fffcd04a000 	C:\WINDOWS\SYSTEM32\WINNSI.DLL
0x00007fffcc0e0000 - 0x00007fffcc0f6000 	C:\WINDOWS\SYSTEM32\dhcpcsvc6.DLL
0x00007fffccd90000 - 0x00007fffccdaa000 	C:\WINDOWS\SYSTEM32\dhcpcsvc.DLL
0x0000000072cc0000 - 0x0000000072cd1000 	C:\Program Files\Java\jre1.8.0_31\bin\nio.dll
0x000000006d580000 - 0x000000006d63d000 	C:\Users\Tobi Wan\AppData\Local\Temp\sqlite-3.8.11.2-f1a2b84a-bcba-4593-8ec3-f8dcc0732e76-sqlitejdbc.dll
0x00007fffbe7f0000 - 0x00007fffbe979000 	C:\WINDOWS\SYSTEM32\dbghelp.dll

VM Arguments:
jvm_args: -Dfile.encoding=Cp1252 
java_command: de.tobi_wan.bandsDatabank.Query
java_class_path (initial): C:\Users\Tobi Wan\Dropbox\Java\Workspace\BandsDatabaseSQLite\bin;C:\Users\Tobi Wan\Dropbox\Java\Workspace\SupportClasses\bin;C:\Users\Tobi Wan\Dropbox\Java\Driver\JDBC\sqlite\sqlite-jdbc-3.8.11.2.jar
Launcher Type: SUN_STANDARD

Environment Variables:
PATH=C:/Program Files/Java/jre1.8.0_31/bin/server;C:/Program Files/Java/jre1.8.0_31/bin;C:/Program Files/Java/jre1.8.0_31/lib/amd64;C:\ProgramData\Oracle\Java\javapath;C:\Program Files (x86)\Lenovo\FusionEngine;C:\Program Files (x86)\Intel\iCLS Client\;C:\Program Files\Intel\iCLS Client\;C:\WINDOWS\system32;C:\WINDOWS;C:\WINDOWS\System32\Wbem;C:\WINDOWS\System32\WindowsPowerShell\v1.0\;C:\Program Files\Intel\Intel(R) Management Engine Components\DAL;C:\Program Files\Intel\Intel(R) Management Engine Components\IPT;C:\Program Files (x86)\Intel\Intel(R) Management Engine Components\DAL;C:\Program Files (x86)\Intel\Intel(R) Management Engine Components\IPT;C:\Program Files (x86)\Lenovo\Motion Control\;C:\Program Files (x86)\Common Files\lenovo\easyplussdk\bin;C:\Program Files (x86)\Vim\vim74;C:\Users\Tobi Wan\Dropbox\1_Studium\Betriebssysteme\emacs-24.5\bin;C:\Program Files\TortoiseGit\bin;C:\Users\Tobi Wan\AppData\Local\Programs\Python\Python35;C:\Program Files (x86)\Brackets\command;C:\Program Files (x86)\Mozilla Firefox;C:\ProgramData\Oracle\Java\javapath;C:\Program Files (x86)\Lenovo\FusionEngine;C:\Program Files (x86)\Intel\iCLS Client\;C:\Program Files\Intel\iCLS Client\;C:\WINDOWS\system32;C:\WINDOWS;C:\WINDOWS\System32\Wbem;C:\WINDOWS\System32\WindowsPowerShell\v1.0\;C:\Program Files\Intel\Intel(R) Management Engine Components\DAL;C:\Program Files\Intel\Intel(R) Management Engine Components\IPT;C:\Program Files (x86)\Intel\Intel(R) Management Engine Components\DAL;C:\Program Files (x86)\Intel\Intel(R) Management Engine Components\IPT;C:\Program Files (x86)\Lenovo\Motion Control\;C:\Program Files (x86)\Common Files\lenovo\easyplussdk\bin;C:\Program Files (x86)\Git\cmd;C:\Program Files (x86)\Vim\vim74;C:\Users\Tobi Wan\Dropbox\1_Studium\Betriebssysteme\emacs-24.5\bin;C:\Program Files\TortoiseGit\bin;C:\Program Files\eclipse;
USERNAME=Tobi Wan
OS=Windows_NT
PROCESSOR_IDENTIFIER=Intel64 Family 6 Model 69 Stepping 1, GenuineIntel



---------------  S Y S T E M  ---------------

OS: Windows 8.1 , 64 bit Build 9600 

CPU:total 4 (2 cores per cpu, 2 threads per core) family 6 model 69 stepping 1, cmov, cx8, fxsr, mmx, sse, sse2, sse3, ssse3, sse4.1, sse4.2, popcnt, avx, avx2, aes, clmul, erms, lzcnt, ht, tsc, tscinvbit, bmi1, bmi2

Memory: 4k page, physical 4113368k(1657108k free), swap 6182420k(2164836k free)

vm_info: Java HotSpot(TM) 64-Bit Server VM (25.31-b07) for windows-amd64 JRE (1.8.0_31-b13), built on Dec 17 2014 21:00:28 by "java_re" with MS VC++ 10.0 (VS2010)

time: Tue Jul 12 20:18:15 2016
elapsed time: 1 seconds (0d 0h 0m 1s)

